<?xml version="1.0" encoding="UTF-8"?>
<testsuite name="com.bl.censusanalyser.StateCensusAnalyserTest" tests="11" skipped="0" failures="0" errors="0" timestamp="2020-05-06T19:43:09" hostname="DESKTOP-2TJPHRI" time="0.294">
  <properties/>
  <testcase name="givenIndiaStateCensusData_WithWrongFile_ShouldThrowException" classname="com.bl.censusanalyser.StateCensusAnalyserTest" time="0.013"/>
  <testcase name="givenIndiaStateCodeData_WithWrongFile_ShouldThrowException" classname="com.bl.censusanalyser.StateCensusAnalyserTest" time="0.0"/>
  <testcase name="givenIndiaStateCodeCSVFile_WhenWrongType_ShouldThrowException" classname="com.bl.censusanalyser.StateCensusAnalyserTest" time="0.005"/>
  <testcase name="givenIndiaStateCensusCSVFile_WhenWrongDelimiter_ShouldThrowException" classname="com.bl.censusanalyser.StateCensusAnalyserTest" time="0.001"/>
  <testcase name="givenIndianStateCodeCSVFile_ShouldReturnsCorrectRecords" classname="com.bl.censusanalyser.StateCensusAnalyserTest" time="0.187"/>
  <testcase name="givenIndianCensusData_WhenSortedOnState_ShouldReturnSortedResult" classname="com.bl.censusanalyser.StateCensusAnalyserTest" time="0.001"/>
  <testcase name="givenIndiaStateCensusCSVFile_WhenWrongHeader_ShouldThrowException" classname="com.bl.censusanalyser.StateCensusAnalyserTest" time="0.026"/>
  <testcase name="givenIndiaStateCodeCSVFile_WhenWrongHeader_ShouldThrowException" classname="com.bl.censusanalyser.StateCensusAnalyserTest" time="0.001"/>
  <testcase name="givenIndiaStateCensusCSVFile_WhenWrongType_ShouldThrowException" classname="com.bl.censusanalyser.StateCensusAnalyserTest" time="0.0"/>
  <testcase name="givenIndianStateCensusCSVFile_ShouldReturnsCorrectRecords" classname="com.bl.censusanalyser.StateCensusAnalyserTest" time="0.047"/>
  <testcase name="givenIndiaStateCodeCSVFile_WhenWrongDelimiter_ShouldThrowException" classname="com.bl.censusanalyser.StateCensusAnalyserTest" time="0.0"/>
  <system-out><![CDATA[]]></system-out>
  <system-err><![CDATA[]]></system-err>
</testsuite>
