<?xml version="1.0" encoding="UTF-8"?>
<testsuite name="com.bl.censusanalyser.StateCensusAnalyserTest" tests="14" skipped="0" failures="0" errors="0" timestamp="2020-05-08T02:20:23" hostname="DESKTOP-2TJPHRI" time="1.944">
  <properties/>
  <testcase name="givenIndiaStateCensusData_WithWrongFile_ShouldThrowException" classname="com.bl.censusanalyser.StateCensusAnalyserTest" time="0.019"/>
  <testcase name="givenIndianStateCodeData_WhenSortedOnState_ShouldReturnSortedResult" classname="com.bl.censusanalyser.StateCensusAnalyserTest" time="1.417"/>
  <testcase name="givenIndiaStateCodeData_WithWrongFile_ShouldThrowException" classname="com.bl.censusanalyser.StateCensusAnalyserTest" time="0.001"/>
  <testcase name="givenIndiaStateCodeCSVFile_WhenWrongType_ShouldThrowException" classname="com.bl.censusanalyser.StateCensusAnalyserTest" time="0.005"/>
  <testcase name="givenIndiaStateCensusCSVFile_WhenWrongDelimiter_ShouldThrowException" classname="com.bl.censusanalyser.StateCensusAnalyserTest" time="0.0"/>
  <testcase name="givenIndianStateCodeData_WhenSortedOnState_ShouldReturnSortedEndStateCode" classname="com.bl.censusanalyser.StateCensusAnalyserTest" time="0.057"/>
  <testcase name="givenIndianStateCodeCSVFile_ShouldReturnsCorrectRecords" classname="com.bl.censusanalyser.StateCensusAnalyserTest" time="0.04"/>
  <testcase name="givenIndianCensusData_WhenSortedOnState_ShouldReturnSortedResult" classname="com.bl.censusanalyser.StateCensusAnalyserTest" time="0.228"/>
  <testcase name="givenIndianCensusData_WhenSortedOnState_ShouldReturnEndState" classname="com.bl.censusanalyser.StateCensusAnalyserTest" time="0.085"/>
  <testcase name="givenIndiaStateCensusCSVFile_WhenWrongHeader_ShouldThrowException" classname="com.bl.censusanalyser.StateCensusAnalyserTest" time="0.023"/>
  <testcase name="givenIndiaStateCodeCSVFile_WhenWrongHeader_ShouldThrowException" classname="com.bl.censusanalyser.StateCensusAnalyserTest" time="0.002"/>
  <testcase name="givenIndiaStateCensusCSVFile_WhenWrongType_ShouldThrowException" classname="com.bl.censusanalyser.StateCensusAnalyserTest" time="0.0"/>
  <testcase name="givenIndianStateCensusCSVFile_ShouldReturnsCorrectRecords" classname="com.bl.censusanalyser.StateCensusAnalyserTest" time="0.058"/>
  <testcase name="givenIndiaStateCodeCSVFile_WhenWrongDelimiter_ShouldThrowException" classname="com.bl.censusanalyser.StateCensusAnalyserTest" time="0.0"/>
  <system-out><![CDATA[]]></system-out>
  <system-err><![CDATA[]]></system-err>
</testsuite>
